Using pre-set license
Built from '2021.3/staging' branch; Version is '2021.3.19f1 (c9714fde33b6) revision 13201743'; Using compiler version '192829333'; Build Type 'Release'
OS: 'Windows 10  (10.0.18362) 64bit Core' Language: 'he' Physical Memory: 8125 MB
BatchMode: 1, IsHumanControllingUs: 0, StartBugReporterOnCrash: 0, Is64bit: 1, IsPro: 1

COMMAND LINE ARGUMENTS:
E:\Unity\2021.3.19f1\Editor\Unity.exe
-adb2
-batchMode
-noUpm
-name
AssetImportWorker0
-projectPath
E:/UnityWorks/LightingBasics
-logFile
Logs/AssetImportWorker0.log
-srvPort
61763
Successfully changed project path to: E:/UnityWorks/LightingBasics
E:/UnityWorks/LightingBasics
[UnityMemory] Configuration Parameters - Can be set up in boot.config
    "memorysetup-bucket-allocator-granularity=16"
    "memorysetup-bucket-allocator-bucket-count=8"
    "memorysetup-bucket-allocator-block-size=33554432"
    "memorysetup-bucket-allocator-block-count=8"
    "memorysetup-main-allocator-block-size=16777216"
    "memorysetup-thread-allocator-block-size=16777216"
    "memorysetup-gfx-main-allocator-block-size=16777216"
    "memorysetup-gfx-thread-allocator-block-size=16777216"
    "memorysetup-cache-allocator-block-size=4194304"
    "memorysetup-typetree-allocator-block-size=2097152"
    "memorysetup-profiler-bucket-allocator-granularity=16"
    "memorysetup-profiler-bucket-allocator-bucket-count=8"
    "memorysetup-profiler-bucket-allocator-block-size=33554432"
    "memorysetup-profiler-bucket-allocator-block-count=8"
    "memorysetup-profiler-allocator-block-size=16777216"
    "memorysetup-profiler-editor-allocator-block-size=1048576"
    "memorysetup-temp-allocator-size-main=16777216"
    "memorysetup-job-temp-allocator-block-size=2097152"
    "memorysetup-job-temp-allocator-block-size-background=1048576"
    "memorysetup-job-temp-allocator-reduction-small-platforms=262144"
    "memorysetup-temp-allocator-size-background-worker=32768"
    "memorysetup-temp-allocator-size-job-worker=262144"
    "memorysetup-temp-allocator-size-preload-manager=33554432"
    "memorysetup-temp-allocator-size-nav-mesh-worker=65536"
    "memorysetup-temp-allocator-size-audio-worker=65536"
    "memorysetup-temp-allocator-size-cloud-worker=32768"
    "memorysetup-temp-allocator-size-gi-baking-worker=262144"
    "memorysetup-temp-allocator-size-gfx=262144"
Player connection [4720] Host "[IP] 192.168.0.110 [Port] 0 [Flags] 2 [Guid] 1431801092 [EditorId] 1431801092 [Version] 1048832 [Id] WindowsEditor(7,DESKTOP-8TN1PVQ) [Debug] 1 [PackageName] WindowsEditor [ProjectName] Editor" joined multi-casting on [225.0.0.222:54997]...

Player connection [4720] Host "[IP] 192.168.0.110 [Port] 0 [Flags] 2 [Guid] 1431801092 [EditorId] 1431801092 [Version] 1048832 [Id] WindowsEditor(7,DESKTOP-8TN1PVQ) [Debug] 1 [PackageName] WindowsEditor [ProjectName] Editor" joined alternative multi-casting on [225.0.0.222:34997]...

Refreshing native plugins compatible for Editor in 25.61 ms, found 0 plugins.
Preloading 0 native plugins for Editor in 0.00 ms.
Initialize engine version: 2021.3.19f1 (c9714fde33b6)
[Subsystems] Discovering subsystems at path E:/Unity/2021.3.19f1/Editor/Data/Resources/UnitySubsystems
[Subsystems] Discovering subsystems at path E:/UnityWorks/LightingBasics/Assets
GfxDevice: creating device client; threaded=0; jobified=0
Direct3D:
    Version:  Direct3D 11.0 [level 11.1]
    Renderer: NVIDIA GeForce GTX 1660 (ID=0x2184)
    Vendor:   NVIDIA
    VRAM:     5980 MB
    Driver:   31.0.15.2849
Initialize mono
Mono path[0] = 'E:/Unity/2021.3.19f1/Editor/Data/Managed'
Mono path[1] = 'E:/Unity/2021.3.19f1/Editor/Data/MonoBleedingEdge/lib/mono/unityjit-win32'
Mono config path = 'E:/Unity/2021.3.19f1/Editor/Data/MonoBleedingEdge/etc'
Using monoOptions --debugger-agent=transport=dt_socket,embedding=1,server=y,suspend=n,address=127.0.0.1:56268
Begin MonoManager ReloadAssembly
Registering precompiled unity dll's ...
Register platform support module: E:/Unity/2021.3.19f1/Editor/Data/PlaybackEngines/AndroidPlayer/UnityEditor.Android.Extensions.dll
Register platform support module: E:/Unity/2021.3.19f1/Editor/Data/PlaybackEngines/WindowsStandaloneSupport/UnityEditor.WindowsStandalone.Extensions.dll
Registered in 0.002462 seconds.
Native extension for WindowsStandalone target not found
Native extension for Android target not found
Android Extension - Scanning For ADB Devices 342 ms
Refreshing native plugins compatible for Editor in 23.59 ms, found 0 plugins.
Preloading 0 native plugins for Editor in 0.00 ms.
Mono: successfully reloaded assembly
- Completed reload, in  0.952 seconds
Domain Reload Profiling:
	ReloadAssembly (953ms)
		BeginReloadAssembly (76ms)
			ExecutionOrderSort (0ms)
			DisableScriptedObjects (0ms)
			BackupInstance (0ms)
			ReleaseScriptingObjects (0ms)
			CreateAndSetChildDomain (1ms)
		EndReloadAssembly (772ms)
			LoadAssemblies (75ms)
			RebuildTransferFunctionScriptingTraits (0ms)
			SetupTypeCache (117ms)
			ReleaseScriptCaches (0ms)
			RebuildScriptCaches (26ms)
			SetupLoadedEditorAssemblies (582ms)
				LogAssemblyErrors (0ms)
				InitializePlatformSupportModulesInManaged (423ms)
				SetLoadedEditorAssemblies (0ms)
				RefreshPlugins (24ms)
				BeforeProcessingInitializeOnLoad (1ms)
				ProcessInitializeOnLoadAttributes (86ms)
				ProcessInitializeOnLoadMethodAttributes (48ms)
				AfterProcessingInitializeOnLoad (0ms)
				EditorAssembliesLoaded (0ms)
			ExecutionOrderSort2 (0ms)
			AwakeInstancesAfterBackupRestoration (0ms)
Platform modules already initialized, skipping
Registering precompiled user dll's ...
Registered in 0.000440 seconds.
Begin MonoManager ReloadAssembly
Native extension for WindowsStandalone target not found
Native extension for Android target not found
Refreshing native plugins compatible for Editor in 0.26 ms, found 0 plugins.
Preloading 0 native plugins for Editor in 0.00 ms.
Mono: successfully reloaded assembly
- Completed reload, in  0.676 seconds
Domain Reload Profiling:
	ReloadAssembly (676ms)
		BeginReloadAssembly (107ms)
			ExecutionOrderSort (0ms)
			DisableScriptedObjects (6ms)
			BackupInstance (0ms)
			ReleaseScriptingObjects (0ms)
			CreateAndSetChildDomain (21ms)
		EndReloadAssembly (462ms)
			LoadAssemblies (62ms)
			RebuildTransferFunctionScriptingTraits (0ms)
			SetupTypeCache (130ms)
			ReleaseScriptCaches (0ms)
			RebuildScriptCaches (35ms)
			SetupLoadedEditorAssemblies (178ms)
				LogAssemblyErrors (0ms)
				InitializePlatformSupportModulesInManaged (15ms)
				SetLoadedEditorAssemblies (0ms)
				RefreshPlugins (0ms)
				BeforeProcessingInitializeOnLoad (32ms)
				ProcessInitializeOnLoadAttributes (108ms)
				ProcessInitializeOnLoadMethodAttributes (19ms)
				AfterProcessingInitializeOnLoad (3ms)
				EditorAssembliesLoaded (0ms)
			ExecutionOrderSort2 (0ms)
			AwakeInstancesAfterBackupRestoration (12ms)
Platform modules already initialized, skipping
========================================================================
Worker process is ready to serve import requests
Launched and connected shader compiler UnityShaderCompiler.exe after 0.10 seconds
Refreshing native plugins compatible for Editor in 0.23 ms, found 0 plugins.
Preloading 0 native plugins for Editor in 0.00 ms.
Unloading 812 Unused Serialized files (Serialized files now loaded: 0)
Unloading 24 unused Assets / (2.0 MB). Loaded Objects now: 1278.
Memory consumption went from 57.6 MB to 55.6 MB.
Total: 2.790700 ms (FindLiveObjects: 0.088000 ms CreateObjectMapping: 0.023200 ms MarkObjects: 2.155100 ms  DeleteObjects: 0.523600 ms)

AssetImportParameters requested are different than current active one (requested -> active):
  custom:video-decoder-ogg-theora: a1e56fd34408186e4bbccfd4996cb3dc -> 
  custom:container-muxer-webm: aa71ff27fc2769a1b78a27578f13a17b -> 
  custom:container-demuxer-webm: 4f35f7cbe854078d1ac9338744f61a02 -> 
  custom:video-encoder-webm-vp8: eb34c28f22e8b96e1ab97ce403110664 -> 
  custom:audio-encoder-webm-vorbis: bf7c407c2cedff20999df2af8eb42d56 -> 
  custom:framework-win-MediaFoundation: 216162199b28c13a410421893ffa2e32 -> 
  custom:container-demuxer-ogg: 62fdf1f143b41e24485cea50d1cbac27 -> 
  custom:video-decoder-webm-vp8: 9c59270c3fd7afecdb556c50c9e8de78 -> 
  custom:audio-decoder-ogg-vorbis: bf7c407c2cedff20999df2af8eb42d56 -> 
========================================================================
Received Import Request.
  Time since last request: 1446153.556670 seconds.
  path: Assets/Materials/CornellBox/CornellBlueMat.mat
  artifactKey: Guid(e1513d591e4f44585923c3eebe1b2b5e) Importer(815301076,1909f56bfc062723c751e8b465ee728b)
Start importing Assets/Materials/CornellBox/CornellBlueMat.mat using Guid(e1513d591e4f44585923c3eebe1b2b5e) Importer(815301076,1909f56bfc062723c751e8b465ee728b)  -> (artifact id: 'cd9ef012a2eb81c8072c5eea3d50a106') in 0.207781 seconds 
========================================================================
Received Import Request.
  Time since last request: 0.000021 seconds.
  path: Assets/Materials/CornellBox/LightMat.mat
  artifactKey: Guid(add68288f19343246b36c9f79f3fc98f) Importer(815301076,1909f56bfc062723c751e8b465ee728b)
Start importing Assets/Materials/CornellBox/LightMat.mat using Guid(add68288f19343246b36c9f79f3fc98f) Importer(815301076,1909f56bfc062723c751e8b465ee728b)  -> (artifact id: '70d74819b34bea642099910db36058ac') in 0.012964 seconds 
========================================================================
Received Import Request.
  Time since last request: 0.000025 seconds.
  path: Assets/Materials/CornellBox/CustomMat.mat
  artifactKey: Guid(0ddbcaaa607c74bf8ba4d85a7fd62678) Importer(815301076,1909f56bfc062723c751e8b465ee728b)
Start importing Assets/Materials/CornellBox/CustomMat.mat using Guid(0ddbcaaa607c74bf8ba4d85a7fd62678) Importer(815301076,1909f56bfc062723c751e8b465ee728b)  -> (artifact id: '274434dad6ffd96778aae7c67f76a0ad') in 0.034248 seconds 
========================================================================
Received Import Request.
  Time since last request: 0.000013 seconds.
  path: Assets/Materials/CornellBox/CornellRedMat.mat
  artifactKey: Guid(3b46b16688fc9204aa1901d1259fc9ea) Importer(815301076,1909f56bfc062723c751e8b465ee728b)
Start importing Assets/Materials/CornellBox/CornellRedMat.mat using Guid(3b46b16688fc9204aa1901d1259fc9ea) Importer(815301076,1909f56bfc062723c751e8b465ee728b)  -> (artifact id: '37a78c7cbc9299f11e32497d58aeaa1a') in 0.026181 seconds 
========================================================================
Received Import Request.
  Time since last request: 0.000016 seconds.
  path: Assets/Materials/CornellBox/CornellGreenMat.mat
  artifactKey: Guid(fe75152a63d9ddc428f3deef19894671) Importer(815301076,1909f56bfc062723c751e8b465ee728b)
Start importing Assets/Materials/CornellBox/CornellGreenMat.mat using Guid(fe75152a63d9ddc428f3deef19894671) Importer(815301076,1909f56bfc062723c751e8b465ee728b)  -> (artifact id: '735554c8ed8e3d454678e59ef9834d43') in 0.027907 seconds 
========================================================================
Received Import Request.
  Time since last request: 2530.723023 seconds.
  path: Assets/Materials/Environment/Rock02Grey.mat
  artifactKey: Guid(6739b5a521856c544b97f483c80435aa) Importer(815301076,1909f56bfc062723c751e8b465ee728b)
Start importing Assets/Materials/Environment/Rock02Grey.mat using Guid(6739b5a521856c544b97f483c80435aa) Importer(815301076,1909f56bfc062723c751e8b465ee728b)  -> (artifact id: '8fe399f7cc4878e9d14e8e13cdd29292') in 0.322299 seconds 
========================================================================
Received Import Request.
  Time since last request: 0.000062 seconds.
  path: Assets/Materials/Environment/Rock03Grey.mat
  artifactKey: Guid(7d80e6e7fc26b604bbe293cfa4e98805) Importer(815301076,1909f56bfc062723c751e8b465ee728b)
Start importing Assets/Materials/Environment/Rock03Grey.mat using Guid(7d80e6e7fc26b604bbe293cfa4e98805) Importer(815301076,1909f56bfc062723c751e8b465ee728b)  -> (artifact id: 'e8cbb8c6c2027de17e542dcd55d69d13') in 0.228007 seconds 
========================================================================
Received Import Request.
  Time since last request: 0.000023 seconds.
  path: Assets/Materials/Environment/Rock04Grey.mat
  artifactKey: Guid(04dd7a779e6296042b5c729511b02a8a) Importer(815301076,1909f56bfc062723c751e8b465ee728b)
Start importing Assets/Materials/Environment/Rock04Grey.mat using Guid(04dd7a779e6296042b5c729511b02a8a) Importer(815301076,1909f56bfc062723c751e8b465ee728b)  -> (artifact id: '36296ca00dfdd5df5caaf97e54743dd7') in 0.208548 seconds 
========================================================================
Received Import Request.
  Time since last request: 340.879487 seconds.
  path: Assets/Standard Assets/Characters/ThirdPersonCharacter/Materials/EthanGrey.mat
  artifactKey: Guid(621e901dcf5ebaf46bce29d18f67194c) Importer(815301076,1909f56bfc062723c751e8b465ee728b)
Start importing Assets/Standard Assets/Characters/ThirdPersonCharacter/Materials/EthanGrey.mat using Guid(621e901dcf5ebaf46bce29d18f67194c) Importer(815301076,1909f56bfc062723c751e8b465ee728b)  -> (artifact id: 'b028963fb5a0f94cfa56e4882427909a') in 0.561676 seconds 
========================================================================
Received Import Request.
  Time since last request: 0.000019 seconds.
  path: Assets/Models/Characters/Materials/EyesMaterial.mat
  artifactKey: Guid(c6b8027d629334af9973dac794a01bd5) Importer(815301076,1909f56bfc062723c751e8b465ee728b)
Start importing Assets/Models/Characters/Materials/EyesMaterial.mat using Guid(c6b8027d629334af9973dac794a01bd5) Importer(815301076,1909f56bfc062723c751e8b465ee728b)  -> (artifact id: 'a0dffad2567a45ab56d64fac46cf3679') in 0.019716 seconds 
========================================================================
Received Import Request.
  Time since last request: 0.000025 seconds.
  path: Assets/Materials/ZomBunny/EyesMaterial.mat
  artifactKey: Guid(51d14e0fd3936be48bf8d5031d3e24c7) Importer(815301076,1909f56bfc062723c751e8b465ee728b)
Start importing Assets/Materials/ZomBunny/EyesMaterial.mat using Guid(51d14e0fd3936be48bf8d5031d3e24c7) Importer(815301076,1909f56bfc062723c751e8b465ee728b)  -> (artifact id: '25531c13c5ce486bb40bdf2c0c619665') in 0.051777 seconds 
========================================================================
Received Import Request.
  Time since last request: 0.381323 seconds.
  path: Assets/Standard Assets/Environment/SpeedTree/Broadleaf/Broadleaf_Desktop Materials/LOD1/FacingLeaves_4.mat
  artifactKey: Guid(d1cd89f42fe3b5d488d5ebeab6169a81) Importer(815301076,1909f56bfc062723c751e8b465ee728b)
Start importing Assets/Standard Assets/Environment/SpeedTree/Broadleaf/Broadleaf_Desktop Materials/LOD1/FacingLeaves_4.mat using Guid(d1cd89f42fe3b5d488d5ebeab6169a81) Importer(815301076,1909f56bfc062723c751e8b465ee728b)  -> (artifact id: '54fb5184de1405fb3f414ab016147a22') in 0.987888 seconds 
========================================================================
Received Import Request.
  Time since last request: 0.000015 seconds.
  path: Assets/Models/MayanTemple/Standard/floor_02_plane.fbx
  artifactKey: Guid(0d41da480d8664845b9166dacecd69ac) Importer(815301076,1909f56bfc062723c751e8b465ee728b)
Start importing Assets/Models/MayanTemple/Standard/floor_02_plane.fbx using Guid(0d41da480d8664845b9166dacecd69ac) Importer(815301076,1909f56bfc062723c751e8b465ee728b)  -> (artifact id: '34afe14a4d54d2094719266e8c0ab6e5') in 1.320967 seconds 
========================================================================
Received Import Request.
  Time since last request: 0.000037 seconds.
  path: Assets/Standard Assets/Environment/SpeedTree/Broadleaf/Broadleaf_Desktop Materials/LOD0/FacingLeaves_4.mat
  artifactKey: Guid(a4b33ce2ad0d1b543a109b8095b4935f) Importer(815301076,1909f56bfc062723c751e8b465ee728b)
Start importing Assets/Standard Assets/Environment/SpeedTree/Broadleaf/Broadleaf_Desktop Materials/LOD0/FacingLeaves_4.mat using Guid(a4b33ce2ad0d1b543a109b8095b4935f) Importer(815301076,1909f56bfc062723c751e8b465ee728b)  -> (artifact id: 'c610406b6bac7e87c0f11d13d050c1a5') in 0.010984 seconds 
========================================================================
Received Import Request.
  Time since last request: 0.000016 seconds.
  path: Assets/Standard Assets/Environment/SpeedTree/Broadleaf/Broadleaf_Desktop Materials/LOD2/FacingLeaves_4.mat
  artifactKey: Guid(a2f8221d501f8a84790559f173f106b2) Importer(815301076,1909f56bfc062723c751e8b465ee728b)
Start importing Assets/Standard Assets/Environment/SpeedTree/Broadleaf/Broadleaf_Desktop Materials/LOD2/FacingLeaves_4.mat using Guid(a2f8221d501f8a84790559f173f106b2) Importer(815301076,1909f56bfc062723c751e8b465ee728b)  -> (artifact id: '74d7e43e2bc5d6966fe06bf934beefb8') in 0.065272 seconds 
========================================================================
Received Import Request.
  Time since last request: 0.000015 seconds.
  path: Assets/Models/MayanTemple/Standard/floor_01_plane.fbx
  artifactKey: Guid(cfdddc21aee4343ebba0fba72c9d8017) Importer(815301076,1909f56bfc062723c751e8b465ee728b)
Start importing Assets/Models/MayanTemple/Standard/floor_01_plane.fbx using Guid(cfdddc21aee4343ebba0fba72c9d8017) Importer(815301076,1909f56bfc062723c751e8b465ee728b)  -> (artifact id: 'b49113a57263317bf350bdd24077f224') in 0.045162 seconds 
========================================================================
Received Import Request.
  Time since last request: 0.000013 seconds.
  path: Assets/Models/MayanTemple/Standard/floor_03_plane.fbx
  artifactKey: Guid(92efe89936bca44d4b62c17f22c07a83) Importer(815301076,1909f56bfc062723c751e8b465ee728b)
Start importing Assets/Models/MayanTemple/Standard/floor_03_plane.fbx using Guid(92efe89936bca44d4b62c17f22c07a83) Importer(815301076,1909f56bfc062723c751e8b465ee728b)  -> (artifact id: '57e5c6daa483024fe60f2bb0aff3d19d') in 0.062538 seconds 
========================================================================
Received Import Request.
  Time since last request: 0.550254 seconds.
  path: Assets/Materials/CalibrationFloor/CalibrationFloor.mat
  artifactKey: Guid(d681c1d72c3c16149abd2f0f25ca628c) Importer(815301076,1909f56bfc062723c751e8b465ee728b)
Start importing Assets/Materials/CalibrationFloor/CalibrationFloor.mat using Guid(d681c1d72c3c16149abd2f0f25ca628c) Importer(815301076,1909f56bfc062723c751e8b465ee728b)  -> (artifact id: '15f2953171a8adbe4fa19809bee1079c') in 0.236460 seconds 
========================================================================
Received Import Request.
  Time since last request: 0.000015 seconds.
  path: Assets/Models/Sci-Fi Vehicles/Vehicle_1/Materials/Cannon_1_D.mat
  artifactKey: Guid(09acc8aa0895cc647b4c403043313175) Importer(815301076,1909f56bfc062723c751e8b465ee728b)
Start importing Assets/Models/Sci-Fi Vehicles/Vehicle_1/Materials/Cannon_1_D.mat using Guid(09acc8aa0895cc647b4c403043313175) Importer(815301076,1909f56bfc062723c751e8b465ee728b)  -> (artifact id: '89f6b82f77001058cc1f48c27cdbf7e2') in 0.396153 seconds 
========================================================================
Received Import Request.
  Time since last request: 0.000021 seconds.
  path: Assets/Standard Assets/Environment/SpeedTree/Broadleaf/Broadleaf_Desktop Materials/LOD0/Branches_1.mat
  artifactKey: Guid(e621ee108fde15148a5e4b4ab67667b9) Importer(815301076,1909f56bfc062723c751e8b465ee728b)
Start importing Assets/Standard Assets/Environment/SpeedTree/Broadleaf/Broadleaf_Desktop Materials/LOD0/Branches_1.mat using Guid(e621ee108fde15148a5e4b4ab67667b9) Importer(815301076,1909f56bfc062723c751e8b465ee728b)  -> (artifact id: '5f88ca040f2f41f0d18e4599d936eb2e') in 0.502928 seconds 
========================================================================
Received Import Request.
  Time since last request: 0.000017 seconds.
  path: Assets/Standard Assets/Environment/SpeedTree/Broadleaf/Broadleaf_Desktop Materials/LOD2/Branches_1.mat
  artifactKey: Guid(639aa87a96d586c4e84838574ce20ca3) Importer(815301076,1909f56bfc062723c751e8b465ee728b)
Start importing Assets/Standard Assets/Environment/SpeedTree/Broadleaf/Broadleaf_Desktop Materials/LOD2/Branches_1.mat using Guid(639aa87a96d586c4e84838574ce20ca3) Importer(815301076,1909f56bfc062723c751e8b465ee728b)  -> (artifact id: '6b30072e3837cfcd1dfd7f1d92e4baa5') in 0.008328 seconds 
========================================================================
Received Import Request.
  Time since last request: 0.000025 seconds.
  path: Assets/Standard Assets/Environment/SpeedTree/Broadleaf/Broadleaf_Desktop Materials/LOD1/Branches_1.mat
  artifactKey: Guid(97ad51f0a4aed0a4289f5462ce6dc18f) Importer(815301076,1909f56bfc062723c751e8b465ee728b)
Start importing Assets/Standard Assets/Environment/SpeedTree/Broadleaf/Broadleaf_Desktop Materials/LOD1/Branches_1.mat using Guid(97ad51f0a4aed0a4289f5462ce6dc18f) Importer(815301076,1909f56bfc062723c751e8b465ee728b)  -> (artifact id: '44c69341d32725c2c391e89da7bf4a2a') in 0.007165 seconds 
========================================================================
Received Import Request.
  Time since last request: 0.000015 seconds.
  path: Assets/Standard Assets/Environment/SpeedTree/Conifer/Conifer_Desktop Materials/LOD0/Branches_1.mat
  artifactKey: Guid(fdb77c3917027234db7a7792019eda2e) Importer(815301076,1909f56bfc062723c751e8b465ee728b)
Start importing Assets/Standard Assets/Environment/SpeedTree/Conifer/Conifer_Desktop Materials/LOD0/Branches_1.mat using Guid(fdb77c3917027234db7a7792019eda2e) Importer(815301076,1909f56bfc062723c751e8b465ee728b)  -> (artifact id: '1a01aa1034028f7bbb6de99bf9644d3f') in 0.026822 seconds 
========================================================================
Received Import Request.
  Time since last request: 529.371915 seconds.
  path: Assets/Scenes/Start/GlobalIllumination/BakedGIStart.unity
  artifactKey: Guid(2a82d62236d7e4b638205e0a01ba1e45) Importer(815301076,1909f56bfc062723c751e8b465ee728b)
Start importing Assets/Scenes/Start/GlobalIllumination/BakedGIStart.unity using Guid(2a82d62236d7e4b638205e0a01ba1e45) Importer(815301076,1909f56bfc062723c751e8b465ee728b)  -> (artifact id: 'ad9807727b95143a4f26612a486e2fc7') in 0.002965 seconds 
========================================================================
Received Import Request.
  Time since last request: 183.728891 seconds.
  path: Assets/Scenes/InProges/RealTimeGI.unity
  artifactKey: Guid(ad23ee8281695c94e947216dea392123) Importer(815301076,1909f56bfc062723c751e8b465ee728b)
Start importing Assets/Scenes/InProges/RealTimeGI.unity using Guid(ad23ee8281695c94e947216dea392123) Importer(815301076,1909f56bfc062723c751e8b465ee728b)  -> (artifact id: 'c6c898adb33ee3316b88a7aa82e85700') in 0.001876 seconds 
========================================================================
Received Import Request.
  Time since last request: 0.739220 seconds.
  path: Assets/Scenes/InProges/BakedGI.unity
  artifactKey: Guid(45994cbcc282aa44783222bc3116aa0d) Importer(815301076,1909f56bfc062723c751e8b465ee728b)
Start importing Assets/Scenes/InProges/BakedGI.unity using Guid(45994cbcc282aa44783222bc3116aa0d) Importer(815301076,1909f56bfc062723c751e8b465ee728b)  -> (artifact id: 'cb052a979a8c41061d3447f0d6fa95dc') in 0.001493 seconds 
========================================================================
Received Import Request.
  Time since last request: 7.269843 seconds.
  path: Assets/Scenes/InProges/BakedGI/LightingData.asset
  artifactKey: Guid(feae0c4224a58e04aab56e7326667db5) Importer(815301076,1909f56bfc062723c751e8b465ee728b)
Start importing Assets/Scenes/InProges/BakedGI/LightingData.asset using Guid(feae0c4224a58e04aab56e7326667db5) Importer(815301076,1909f56bfc062723c751e8b465ee728b)  -> (artifact id: '2de9786adf6c6180dd9decddbff844c1') in 0.043962 seconds 
========================================================================
Received Import Request.
  Time since last request: 0.000013 seconds.
  path: Assets/Scenes/InProges/BakedGI/Lightmap-0_comp_dir.png
  artifactKey: Guid(79c843c8223b1c34a821e0906bd79075) Importer(815301076,1909f56bfc062723c751e8b465ee728b)
Start importing Assets/Scenes/InProges/BakedGI/Lightmap-0_comp_dir.png using Guid(79c843c8223b1c34a821e0906bd79075) Importer(815301076,1909f56bfc062723c751e8b465ee728b)  -> (artifact id: 'c74d37dc225ccf05c6d33cc50b536612') in 0.054117 seconds 
========================================================================
Received Import Request.
  Time since last request: 0.000013 seconds.
  path: Assets/Scenes/InProges/BakedGI/Lightmap-0_comp_light.exr
  artifactKey: Guid(70d93e592bcc51446bd7411ab7cf15c4) Importer(815301076,1909f56bfc062723c751e8b465ee728b)
Start importing Assets/Scenes/InProges/BakedGI/Lightmap-0_comp_light.exr using Guid(70d93e592bcc51446bd7411ab7cf15c4) Importer(815301076,1909f56bfc062723c751e8b465ee728b)  -> (artifact id: '1586160c480447b3be5de20af1babbed') in 0.039456 seconds 
========================================================================
Received Import Request.
  Time since last request: 292.484260 seconds.
  path: Assets/Scenes/InProges/BakedGI/LightingData.asset
  artifactKey: Guid(feae0c4224a58e04aab56e7326667db5) Importer(815301076,1909f56bfc062723c751e8b465ee728b)
Start importing Assets/Scenes/InProges/BakedGI/LightingData.asset using Guid(feae0c4224a58e04aab56e7326667db5) Importer(815301076,1909f56bfc062723c751e8b465ee728b)  -> (artifact id: '42dc8e2e522ec8989a30613583fd068b') in 0.002100 seconds 
========================================================================
Received Import Request.
  Time since last request: 167.375348 seconds.
  path: Assets/Scenes/InProges/BakedGI/LightingData.asset
  artifactKey: Guid(feae0c4224a58e04aab56e7326667db5) Importer(815301076,1909f56bfc062723c751e8b465ee728b)
Start importing Assets/Scenes/InProges/BakedGI/LightingData.asset using Guid(feae0c4224a58e04aab56e7326667db5) Importer(815301076,1909f56bfc062723c751e8b465ee728b)  -> (artifact id: 'c542f5527f0de2186bd2b42b75076b22') in 0.001858 seconds 
========================================================================
Received Import Request.
  Time since last request: 23.863032 seconds.
  path: Assets/Scenes/InProges/BakedGI/LightingData.asset
  artifactKey: Guid(feae0c4224a58e04aab56e7326667db5) Importer(815301076,1909f56bfc062723c751e8b465ee728b)
Start importing Assets/Scenes/InProges/BakedGI/LightingData.asset using Guid(feae0c4224a58e04aab56e7326667db5) Importer(815301076,1909f56bfc062723c751e8b465ee728b)  -> (artifact id: 'b55fbb252403a6e911a677be1ce11fc2') in 0.001892 seconds 
========================================================================
Received Import Request.
  Time since last request: 0.000032 seconds.
  path: Assets/Scenes/InProges/BakedGI/Lightmap-2_comp_light.exr
  artifactKey: Guid(827ffe83277ed2d4cbc4800679e7e9f2) Importer(815301076,1909f56bfc062723c751e8b465ee728b)
Start importing Assets/Scenes/InProges/BakedGI/Lightmap-2_comp_light.exr using Guid(827ffe83277ed2d4cbc4800679e7e9f2) Importer(815301076,1909f56bfc062723c751e8b465ee728b)  -> (artifact id: '86f1cf3451e9abacc35df002c05e5d1e') in 0.020799 seconds 
========================================================================
Received Import Request.
  Time since last request: 0.000023 seconds.
  path: Assets/Scenes/InProges/BakedGI/Lightmap-3_comp_light.exr
  artifactKey: Guid(289ff0e607d40b5429d9580469548e58) Importer(815301076,1909f56bfc062723c751e8b465ee728b)
Start importing Assets/Scenes/InProges/BakedGI/Lightmap-3_comp_light.exr using Guid(289ff0e607d40b5429d9580469548e58) Importer(815301076,1909f56bfc062723c751e8b465ee728b)  -> (artifact id: '8aba9377cd71785c805b92697a46d6fe') in 0.007562 seconds 
========================================================================
Received Import Request.
  Time since last request: 0.000029 seconds.
  path: Assets/Scenes/InProges/BakedGI/Lightmap-1_comp_light.exr
  artifactKey: Guid(ceafd8b1b80d0f649b28fd9e7b5707c5) Importer(815301076,1909f56bfc062723c751e8b465ee728b)
Start importing Assets/Scenes/InProges/BakedGI/Lightmap-1_comp_light.exr using Guid(ceafd8b1b80d0f649b28fd9e7b5707c5) Importer(815301076,1909f56bfc062723c751e8b465ee728b)  -> (artifact id: 'c6a0db7f5cf9a620d570dc8afcc9404a') in 0.011350 seconds 
========================================================================
Received Import Request.
  Time since last request: 0.000018 seconds.
  path: Assets/Scenes/InProges/BakedGI/Lightmap-4_comp_light.exr
  artifactKey: Guid(947190b9537eaa84aa8ccd465c024095) Importer(815301076,1909f56bfc062723c751e8b465ee728b)
Start importing Assets/Scenes/InProges/BakedGI/Lightmap-4_comp_light.exr using Guid(947190b9537eaa84aa8ccd465c024095) Importer(815301076,1909f56bfc062723c751e8b465ee728b)  -> (artifact id: '1a785740b978092e73587d20c076188e') in 0.009888 seconds 
========================================================================
Received Import Request.
  Time since last request: 0.000028 seconds.
  path: Assets/Scenes/InProges/BakedGI/Lightmap-0_comp_light.exr
  artifactKey: Guid(70d93e592bcc51446bd7411ab7cf15c4) Importer(815301076,1909f56bfc062723c751e8b465ee728b)
Start importing Assets/Scenes/InProges/BakedGI/Lightmap-0_comp_light.exr using Guid(70d93e592bcc51446bd7411ab7cf15c4) Importer(815301076,1909f56bfc062723c751e8b465ee728b)  -> (artifact id: '7b91b40b5318c74de162555f0a6b5d5b') in 0.019797 seconds 
========================================================================
Received Import Request.
  Time since last request: 119.681484 seconds.
  path: Assets/Scenes/InProges/BakedGI/LightingData.asset
  artifactKey: Guid(feae0c4224a58e04aab56e7326667db5) Importer(815301076,1909f56bfc062723c751e8b465ee728b)
Start importing Assets/Scenes/InProges/BakedGI/LightingData.asset using Guid(feae0c4224a58e04aab56e7326667db5) Importer(815301076,1909f56bfc062723c751e8b465ee728b)  -> (artifact id: '211f44c225d5b17c07c4b95038a1ad81') in 0.004363 seconds 
========================================================================
Received Import Request.
  Time since last request: 8.532341 seconds.
  path: Assets/Scenes/InProges/BakedGI/LightingData.asset
  artifactKey: Guid(feae0c4224a58e04aab56e7326667db5) Importer(815301076,1909f56bfc062723c751e8b465ee728b)
Start importing Assets/Scenes/InProges/BakedGI/LightingData.asset using Guid(feae0c4224a58e04aab56e7326667db5) Importer(815301076,1909f56bfc062723c751e8b465ee728b)  -> (artifact id: '68c2a02e46e0b81f277440b68907bcd0') in 0.001739 seconds 
========================================================================
Received Import Request.
  Time since last request: 128.796100 seconds.
  path: Assets/Scenes/InProges/BakedGI/LightingData.asset
  artifactKey: Guid(feae0c4224a58e04aab56e7326667db5) Importer(815301076,1909f56bfc062723c751e8b465ee728b)
Start importing Assets/Scenes/InProges/BakedGI/LightingData.asset using Guid(feae0c4224a58e04aab56e7326667db5) Importer(815301076,1909f56bfc062723c751e8b465ee728b)  -> (artifact id: 'ac1a058c79cbfb58fdf26baaa57e5023') in 0.001904 seconds 
========================================================================
Received Import Request.
  Time since last request: 0.000039 seconds.
  path: Assets/Scenes/InProges/BakedGI/Lightmap-0_comp_shadowmask.png
  artifactKey: Guid(c5a1ac8c55aad2840a2b2ce1bc3d7e80) Importer(815301076,1909f56bfc062723c751e8b465ee728b)
Start importing Assets/Scenes/InProges/BakedGI/Lightmap-0_comp_shadowmask.png using Guid(c5a1ac8c55aad2840a2b2ce1bc3d7e80) Importer(815301076,1909f56bfc062723c751e8b465ee728b)  -> (artifact id: 'ff244fe3fac7570093a8d39273ded677') in 0.012417 seconds 
========================================================================
Received Import Request.
  Time since last request: 0.000020 seconds.
  path: Assets/Scenes/InProges/BakedGI/Lightmap-3_comp_shadowmask.png
  artifactKey: Guid(ce7281c9bbfd2b043a6fd9643875a037) Importer(815301076,1909f56bfc062723c751e8b465ee728b)
Start importing Assets/Scenes/InProges/BakedGI/Lightmap-3_comp_shadowmask.png using Guid(ce7281c9bbfd2b043a6fd9643875a037) Importer(815301076,1909f56bfc062723c751e8b465ee728b)  -> (artifact id: 'af27bab424eefa468d777c9518fd56ab') in 0.005790 seconds 
========================================================================
Received Import Request.
  Time since last request: 0.000019 seconds.
  path: Assets/Scenes/InProges/BakedGI/Lightmap-4_comp_shadowmask.png
  artifactKey: Guid(05443ec4e291ced459837d6212cbdb80) Importer(815301076,1909f56bfc062723c751e8b465ee728b)
Start importing Assets/Scenes/InProges/BakedGI/Lightmap-4_comp_shadowmask.png using Guid(05443ec4e291ced459837d6212cbdb80) Importer(815301076,1909f56bfc062723c751e8b465ee728b)  -> (artifact id: 'fc1a6c0f10c80cc8a5689cd3d27bfa6a') in 0.013373 seconds 
========================================================================
Received Import Request.
  Time since last request: 0.000027 seconds.
  path: Assets/Scenes/InProges/BakedGI/Lightmap-2_comp_light.exr
  artifactKey: Guid(827ffe83277ed2d4cbc4800679e7e9f2) Importer(815301076,1909f56bfc062723c751e8b465ee728b)
Start importing Assets/Scenes/InProges/BakedGI/Lightmap-2_comp_light.exr using Guid(827ffe83277ed2d4cbc4800679e7e9f2) Importer(815301076,1909f56bfc062723c751e8b465ee728b)  -> (artifact id: '91f398d3edb113b64e1f0a990cd9678d') in 0.005379 seconds 
========================================================================
Received Import Request.
  Time since last request: 0.000036 seconds.
  path: Assets/Scenes/InProges/BakedGI/Lightmap-3_comp_light.exr
  artifactKey: Guid(289ff0e607d40b5429d9580469548e58) Importer(815301076,1909f56bfc062723c751e8b465ee728b)
Start importing Assets/Scenes/InProges/BakedGI/Lightmap-3_comp_light.exr using Guid(289ff0e607d40b5429d9580469548e58) Importer(815301076,1909f56bfc062723c751e8b465ee728b)  -> (artifact id: 'b08ec16fe8536dae31ff682236d617fb') in 0.008718 seconds 
========================================================================
Received Import Request.
  Time since last request: 0.000032 seconds.
  path: Assets/Scenes/InProges/BakedGI/Lightmap-1_comp_light.exr
  artifactKey: Guid(ceafd8b1b80d0f649b28fd9e7b5707c5) Importer(815301076,1909f56bfc062723c751e8b465ee728b)
Start importing Assets/Scenes/InProges/BakedGI/Lightmap-1_comp_light.exr using Guid(ceafd8b1b80d0f649b28fd9e7b5707c5) Importer(815301076,1909f56bfc062723c751e8b465ee728b)  -> (artifact id: '8d078e185b81cc079dfe1efa652275ee') in 0.006953 seconds 
========================================================================
Received Import Request.
  Time since last request: 0.000034 seconds.
  path: Assets/Scenes/InProges/BakedGI/Lightmap-2_comp_shadowmask.png
  artifactKey: Guid(cf04de105d459aa4182d8f5a65945801) Importer(815301076,1909f56bfc062723c751e8b465ee728b)
Start importing Assets/Scenes/InProges/BakedGI/Lightmap-2_comp_shadowmask.png using Guid(cf04de105d459aa4182d8f5a65945801) Importer(815301076,1909f56bfc062723c751e8b465ee728b)  -> (artifact id: 'e8cf8ab4aac46b82773e906c6d53cb50') in 0.005803 seconds 
========================================================================
Received Import Request.
  Time since last request: 0.000020 seconds.
  path: Assets/Scenes/InProges/BakedGI/Lightmap-4_comp_light.exr
  artifactKey: Guid(947190b9537eaa84aa8ccd465c024095) Importer(815301076,1909f56bfc062723c751e8b465ee728b)
Start importing Assets/Scenes/InProges/BakedGI/Lightmap-4_comp_light.exr using Guid(947190b9537eaa84aa8ccd465c024095) Importer(815301076,1909f56bfc062723c751e8b465ee728b)  -> (artifact id: 'a2ca8b3d473067b9941d0f248596ec59') in 0.004999 seconds 
========================================================================
Received Import Request.
  Time since last request: 0.000023 seconds.
  path: Assets/Scenes/InProges/BakedGI/Lightmap-1_comp_shadowmask.png
  artifactKey: Guid(2278ed36e66cb0a4287aae59a28f223a) Importer(815301076,1909f56bfc062723c751e8b465ee728b)
Start importing Assets/Scenes/InProges/BakedGI/Lightmap-1_comp_shadowmask.png using Guid(2278ed36e66cb0a4287aae59a28f223a) Importer(815301076,1909f56bfc062723c751e8b465ee728b)  -> (artifact id: 'e3a10b5dc4dfbb68666ab16917b70769') in 0.005209 seconds 
========================================================================
Received Import Request.
  Time since last request: 0.000017 seconds.
  path: Assets/Scenes/InProges/BakedGI/Lightmap-0_comp_light.exr
  artifactKey: Guid(70d93e592bcc51446bd7411ab7cf15c4) Importer(815301076,1909f56bfc062723c751e8b465ee728b)
Start importing Assets/Scenes/InProges/BakedGI/Lightmap-0_comp_light.exr using Guid(70d93e592bcc51446bd7411ab7cf15c4) Importer(815301076,1909f56bfc062723c751e8b465ee728b)  -> (artifact id: '4fdea09e74b3c76403324e278680499b') in 0.005640 seconds 
========================================================================
Received Import Request.
  Time since last request: 23.314070 seconds.
  path: Assets/Scenes/InProges/BakedGI/LightingData.asset
  artifactKey: Guid(feae0c4224a58e04aab56e7326667db5) Importer(815301076,1909f56bfc062723c751e8b465ee728b)
Start importing Assets/Scenes/InProges/BakedGI/LightingData.asset using Guid(feae0c4224a58e04aab56e7326667db5) Importer(815301076,1909f56bfc062723c751e8b465ee728b)  -> (artifact id: '6927bb8d967d92ea6b21d72db3871f65') in 0.003565 seconds 
========================================================================
Received Import Request.
  Time since last request: 119.507935 seconds.
  path: Assets/Scenes/InProges/BakedGI/LightingData.asset
  artifactKey: Guid(feae0c4224a58e04aab56e7326667db5) Importer(815301076,1909f56bfc062723c751e8b465ee728b)
Start importing Assets/Scenes/InProges/BakedGI/LightingData.asset using Guid(feae0c4224a58e04aab56e7326667db5) Importer(815301076,1909f56bfc062723c751e8b465ee728b)  -> (artifact id: 'de40c8e9ab421a855b0f9d44b5ae8c13') in 0.002844 seconds 
========================================================================
Received Import Request.
  Time since last request: 0.000059 seconds.
  path: Assets/Scenes/InProges/BakedGI/Lightmap-2_comp_light.exr
  artifactKey: Guid(827ffe83277ed2d4cbc4800679e7e9f2) Importer(815301076,1909f56bfc062723c751e8b465ee728b)
Start importing Assets/Scenes/InProges/BakedGI/Lightmap-2_comp_light.exr using Guid(827ffe83277ed2d4cbc4800679e7e9f2) Importer(815301076,1909f56bfc062723c751e8b465ee728b)  -> (artifact id: 'ab7932a50248797e9f1e7cf500051213') in 0.056846 seconds 
========================================================================
Received Import Request.
  Time since last request: 0.000021 seconds.
  path: Assets/Scenes/InProges/BakedGI/Lightmap-3_comp_light.exr
  artifactKey: Guid(289ff0e607d40b5429d9580469548e58) Importer(815301076,1909f56bfc062723c751e8b465ee728b)
Start importing Assets/Scenes/InProges/BakedGI/Lightmap-3_comp_light.exr using Guid(289ff0e607d40b5429d9580469548e58) Importer(815301076,1909f56bfc062723c751e8b465ee728b)  -> (artifact id: 'a14c083cade2dc6003e0a7866f1d6fc1') in 0.015890 seconds 
========================================================================
Received Import Request.
  Time since last request: 0.000016 seconds.
  path: Assets/Scenes/InProges/BakedGI/Lightmap-1_comp_light.exr
  artifactKey: Guid(ceafd8b1b80d0f649b28fd9e7b5707c5) Importer(815301076,1909f56bfc062723c751e8b465ee728b)
Start importing Assets/Scenes/InProges/BakedGI/Lightmap-1_comp_light.exr using Guid(ceafd8b1b80d0f649b28fd9e7b5707c5) Importer(815301076,1909f56bfc062723c751e8b465ee728b)  -> (artifact id: '1a5171df95462bb2398c1f1a59a92159') in 0.011266 seconds 
========================================================================
Received Import Request.
  Time since last request: 0.000017 seconds.
  path: Assets/Scenes/InProges/BakedGI/Lightmap-4_comp_light.exr
  artifactKey: Guid(947190b9537eaa84aa8ccd465c024095) Importer(815301076,1909f56bfc062723c751e8b465ee728b)
Start importing Assets/Scenes/InProges/BakedGI/Lightmap-4_comp_light.exr using Guid(947190b9537eaa84aa8ccd465c024095) Importer(815301076,1909f56bfc062723c751e8b465ee728b)  -> (artifact id: 'c5392e2f43c3a44f4b2c76289ca34c41') in 0.015219 seconds 
========================================================================
Received Import Request.
  Time since last request: 0.000017 seconds.
  path: Assets/Scenes/InProges/BakedGI/Lightmap-0_comp_light.exr
  artifactKey: Guid(70d93e592bcc51446bd7411ab7cf15c4) Importer(815301076,1909f56bfc062723c751e8b465ee728b)
Start importing Assets/Scenes/InProges/BakedGI/Lightmap-0_comp_light.exr using Guid(70d93e592bcc51446bd7411ab7cf15c4) Importer(815301076,1909f56bfc062723c751e8b465ee728b)  -> (artifact id: 'f6dc3a7205f99ce64a1e316841c1d658') in 0.017107 seconds 
========================================================================
Received Import Request.
  Time since last request: 30.179738 seconds.
  path: Assets/Scenes/InProges/BakedGI/LightingData.asset
  artifactKey: Guid(feae0c4224a58e04aab56e7326667db5) Importer(815301076,1909f56bfc062723c751e8b465ee728b)
Start importing Assets/Scenes/InProges/BakedGI/LightingData.asset using Guid(feae0c4224a58e04aab56e7326667db5) Importer(815301076,1909f56bfc062723c751e8b465ee728b)  -> (artifact id: 'f47f24a9e1ae7d530f28fa4b7c5a36c9') in 0.001625 seconds 
========================================================================
Received Import Request.
  Time since last request: 0.000015 seconds.
  path: Assets/Scenes/InProges/BakedGI/Lightmap-2_comp_light.exr
  artifactKey: Guid(827ffe83277ed2d4cbc4800679e7e9f2) Importer(815301076,1909f56bfc062723c751e8b465ee728b)
Start importing Assets/Scenes/InProges/BakedGI/Lightmap-2_comp_light.exr using Guid(827ffe83277ed2d4cbc4800679e7e9f2) Importer(815301076,1909f56bfc062723c751e8b465ee728b)  -> (artifact id: 'f92763d54a64eb6fa797b654dadc3631') in 0.006596 seconds 
========================================================================
Received Import Request.
  Time since last request: 0.000015 seconds.
  path: Assets/Scenes/InProges/BakedGI/Lightmap-3_comp_light.exr
  artifactKey: Guid(289ff0e607d40b5429d9580469548e58) Importer(815301076,1909f56bfc062723c751e8b465ee728b)
Start importing Assets/Scenes/InProges/BakedGI/Lightmap-3_comp_light.exr using Guid(289ff0e607d40b5429d9580469548e58) Importer(815301076,1909f56bfc062723c751e8b465ee728b)  -> (artifact id: '56a3c1f9bdefa20283976c98caddefe0') in 0.008906 seconds 
========================================================================
Received Import Request.
  Time since last request: 0.000023 seconds.
  path: Assets/Scenes/InProges/BakedGI/Lightmap-1_comp_light.exr
  artifactKey: Guid(ceafd8b1b80d0f649b28fd9e7b5707c5) Importer(815301076,1909f56bfc062723c751e8b465ee728b)
Start importing Assets/Scenes/InProges/BakedGI/Lightmap-1_comp_light.exr using Guid(ceafd8b1b80d0f649b28fd9e7b5707c5) Importer(815301076,1909f56bfc062723c751e8b465ee728b)  -> (artifact id: 'dfcb0e76f43e430e27fe748b9ab6044b') in 0.005001 seconds 
========================================================================
Received Import Request.
  Time since last request: 0.000030 seconds.
  path: Assets/Scenes/InProges/BakedGI/Lightmap-4_comp_light.exr
  artifactKey: Guid(947190b9537eaa84aa8ccd465c024095) Importer(815301076,1909f56bfc062723c751e8b465ee728b)
Start importing Assets/Scenes/InProges/BakedGI/Lightmap-4_comp_light.exr using Guid(947190b9537eaa84aa8ccd465c024095) Importer(815301076,1909f56bfc062723c751e8b465ee728b)  -> (artifact id: '7ffcc8061980de30844aac67787e2b4b') in 0.005366 seconds 
========================================================================
Received Import Request.
  Time since last request: 0.000022 seconds.
  path: Assets/Scenes/InProges/BakedGI/Lightmap-0_comp_light.exr
  artifactKey: Guid(70d93e592bcc51446bd7411ab7cf15c4) Importer(815301076,1909f56bfc062723c751e8b465ee728b)
Start importing Assets/Scenes/InProges/BakedGI/Lightmap-0_comp_light.exr using Guid(70d93e592bcc51446bd7411ab7cf15c4) Importer(815301076,1909f56bfc062723c751e8b465ee728b)  -> (artifact id: '7b6582fda59d6c0ed54daf00f8903230') in 0.005223 seconds 
========================================================================
Received Import Request.
  Time since last request: 41.030573 seconds.
  path: Assets/Scenes/InProges/BakedGI/LightingData.asset
  artifactKey: Guid(feae0c4224a58e04aab56e7326667db5) Importer(815301076,1909f56bfc062723c751e8b465ee728b)
Start importing Assets/Scenes/InProges/BakedGI/LightingData.asset using Guid(feae0c4224a58e04aab56e7326667db5) Importer(815301076,1909f56bfc062723c751e8b465ee728b)  -> (artifact id: '200d26a2c058e51767d16c2dd8867a94') in 0.004407 seconds 
========================================================================
Received Import Request.
  Time since last request: 0.000023 seconds.
  path: Assets/Scenes/InProges/BakedGI/Lightmap-2_comp_light.exr
  artifactKey: Guid(827ffe83277ed2d4cbc4800679e7e9f2) Importer(815301076,1909f56bfc062723c751e8b465ee728b)
Start importing Assets/Scenes/InProges/BakedGI/Lightmap-2_comp_light.exr using Guid(827ffe83277ed2d4cbc4800679e7e9f2) Importer(815301076,1909f56bfc062723c751e8b465ee728b)  -> (artifact id: '384cf35d2a08ce3c78c62b826c20ebbf') in 0.030184 seconds 
========================================================================
Received Import Request.
  Time since last request: 0.000014 seconds.
  path: Assets/Scenes/InProges/BakedGI/Lightmap-3_comp_light.exr
  artifactKey: Guid(289ff0e607d40b5429d9580469548e58) Importer(815301076,1909f56bfc062723c751e8b465ee728b)
Start importing Assets/Scenes/InProges/BakedGI/Lightmap-3_comp_light.exr using Guid(289ff0e607d40b5429d9580469548e58) Importer(815301076,1909f56bfc062723c751e8b465ee728b)  -> (artifact id: 'e24533197469cef6f93682bd1a24e79b') in 0.007682 seconds 
========================================================================
Received Import Request.
  Time since last request: 0.000030 seconds.
  path: Assets/Scenes/InProges/BakedGI/Lightmap-1_comp_light.exr
  artifactKey: Guid(ceafd8b1b80d0f649b28fd9e7b5707c5) Importer(815301076,1909f56bfc062723c751e8b465ee728b)
Start importing Assets/Scenes/InProges/BakedGI/Lightmap-1_comp_light.exr using Guid(ceafd8b1b80d0f649b28fd9e7b5707c5) Importer(815301076,1909f56bfc062723c751e8b465ee728b)  -> (artifact id: 'f3f24b1ae8daa5cf1a50a824748c4099') in 0.007867 seconds 
========================================================================
Received Import Request.
  Time since last request: 0.000013 seconds.
  path: Assets/Scenes/InProges/BakedGI/Lightmap-4_comp_light.exr
  artifactKey: Guid(947190b9537eaa84aa8ccd465c024095) Importer(815301076,1909f56bfc062723c751e8b465ee728b)
Start importing Assets/Scenes/InProges/BakedGI/Lightmap-4_comp_light.exr using Guid(947190b9537eaa84aa8ccd465c024095) Importer(815301076,1909f56bfc062723c751e8b465ee728b)  -> (artifact id: '76c432100d8165e5cf8a7e7d8798b9dd') in 0.013186 seconds 
========================================================================
Received Import Request.
  Time since last request: 0.000016 seconds.
  path: Assets/Scenes/InProges/BakedGI/Lightmap-0_comp_light.exr
  artifactKey: Guid(70d93e592bcc51446bd7411ab7cf15c4) Importer(815301076,1909f56bfc062723c751e8b465ee728b)
Start importing Assets/Scenes/InProges/BakedGI/Lightmap-0_comp_light.exr using Guid(70d93e592bcc51446bd7411ab7cf15c4) Importer(815301076,1909f56bfc062723c751e8b465ee728b)  -> (artifact id: '6c01dfda0b00c16127759bba1c783f8a') in 0.011059 seconds 
========================================================================
Received Import Request.
  Time since last request: 65.588953 seconds.
  path: Assets/Scenes/InProges/BakedGI/LightingData.asset
  artifactKey: Guid(feae0c4224a58e04aab56e7326667db5) Importer(815301076,1909f56bfc062723c751e8b465ee728b)
Start importing Assets/Scenes/InProges/BakedGI/LightingData.asset using Guid(feae0c4224a58e04aab56e7326667db5) Importer(815301076,1909f56bfc062723c751e8b465ee728b)  -> (artifact id: 'ece595c8b5d1c5ee11abe403f4f1e831') in 0.002805 seconds 
========================================================================
Received Import Request.
  Time since last request: 0.000016 seconds.
  path: Assets/Scenes/InProges/BakedGI/Lightmap-2_comp_light.exr
  artifactKey: Guid(827ffe83277ed2d4cbc4800679e7e9f2) Importer(815301076,1909f56bfc062723c751e8b465ee728b)
Start importing Assets/Scenes/InProges/BakedGI/Lightmap-2_comp_light.exr using Guid(827ffe83277ed2d4cbc4800679e7e9f2) Importer(815301076,1909f56bfc062723c751e8b465ee728b)  -> (artifact id: '959f017e5c87a74190b2339a93533a4d') in 0.008368 seconds 
========================================================================
Received Import Request.
  Time since last request: 0.005258 seconds.
  path: Assets/Scenes/InProges/BakedGI/Lightmap-3_comp_light.exr
  artifactKey: Guid(289ff0e607d40b5429d9580469548e58) Importer(815301076,1909f56bfc062723c751e8b465ee728b)
Start importing Assets/Scenes/InProges/BakedGI/Lightmap-3_comp_light.exr using Guid(289ff0e607d40b5429d9580469548e58) Importer(815301076,1909f56bfc062723c751e8b465ee728b)  -> (artifact id: 'e6c6120516d7fcdeafbe1f913141304e') in 0.007760 seconds 
========================================================================
Received Import Request.
  Time since last request: 0.000017 seconds.
  path: Assets/Scenes/InProges/BakedGI/Lightmap-1_comp_light.exr
  artifactKey: Guid(ceafd8b1b80d0f649b28fd9e7b5707c5) Importer(815301076,1909f56bfc062723c751e8b465ee728b)
Start importing Assets/Scenes/InProges/BakedGI/Lightmap-1_comp_light.exr using Guid(ceafd8b1b80d0f649b28fd9e7b5707c5) Importer(815301076,1909f56bfc062723c751e8b465ee728b)  -> (artifact id: 'b4727639d87662baa6ec7150b7057917') in 0.008688 seconds 
========================================================================
Received Import Request.
  Time since last request: 0.000018 seconds.
  path: Assets/Scenes/InProges/BakedGI/Lightmap-4_comp_light.exr
  artifactKey: Guid(947190b9537eaa84aa8ccd465c024095) Importer(815301076,1909f56bfc062723c751e8b465ee728b)
Start importing Assets/Scenes/InProges/BakedGI/Lightmap-4_comp_light.exr using Guid(947190b9537eaa84aa8ccd465c024095) Importer(815301076,1909f56bfc062723c751e8b465ee728b)  -> (artifact id: '2281beb9a28e9f8a6d0a840c37438943') in 0.015096 seconds 
========================================================================
Received Import Request.
  Time since last request: 0.000014 seconds.
  path: Assets/Scenes/InProges/BakedGI/Lightmap-0_comp_light.exr
  artifactKey: Guid(70d93e592bcc51446bd7411ab7cf15c4) Importer(815301076,1909f56bfc062723c751e8b465ee728b)
Start importing Assets/Scenes/InProges/BakedGI/Lightmap-0_comp_light.exr using Guid(70d93e592bcc51446bd7411ab7cf15c4) Importer(815301076,1909f56bfc062723c751e8b465ee728b)  -> (artifact id: '1a960c3434608e8f8fcc46ec0ef0a6b9') in 0.014815 seconds 
========================================================================
Received Import Request.
  Time since last request: 121.353915 seconds.
  path: Assets/Scenes/Start/GlobalIllumination/ProgressiveLightmapperStart.unity
  artifactKey: Guid(f7212ec924fad46cfae4deda26955cb2) Importer(815301076,1909f56bfc062723c751e8b465ee728b)
Start importing Assets/Scenes/Start/GlobalIllumination/ProgressiveLightmapperStart.unity using Guid(f7212ec924fad46cfae4deda26955cb2) Importer(815301076,1909f56bfc062723c751e8b465ee728b)  -> (artifact id: 'cb9f9df6646a56e0b3cfc3db66dd95d8') in 0.001796 seconds 
